FlowAuto-22/app/build/outputs/logs/manifest-merger-release-report.txt
-- Merging decision tree log ---
manifest
ADDED from src/main/AndroidManifest.xml:2:1-113:12
	package
		ADDED from src/main/AndroidManifest.xml:3:11-36
		INJECTED from src/main/AndroidManifest.xml
		INJECTED from src/main/AndroidManifest.xml
	android:versionName
		ADDED from src/main/AndroidManifest.xml:5:11-36
		INJECTED from src/main/AndroidManifest.xml
		INJECTED from src/main/AndroidManifest.xml
	android:versionCode
		ADDED from src/main/AndroidManifest.xml:4:11-34
		INJECTED from src/main/AndroidManifest.xml
		INJECTED from src/main/AndroidManifest.xml
	xmlns:android
		ADDED from src/main/AndroidManifest.xml:2:11-69
uses-sdk
ADDED from src/main/AndroidManifest.xml:6:5-43
MERGED from [com.android.support:support-v4:20.0.0] AndroidManifest.xml:16:5-42
	android:targetSdkVersion
		INJECTED from src/main/AndroidManifest.xml
		INJECTED from src/main/AndroidManifest.xml
	android:minSdkVersion
		ADDED from src/main/AndroidManifest.xml:6:15-41
		INJECTED from src/main/AndroidManifest.xml
		INJECTED from src/main/AndroidManifest.xml
uses-permission#android.permission.RECEIVE_BOOT_COMPLETED
ADDED from src/main/AndroidManifest.xml:12:5-13:23
	android:name
		ADDED from src/main/AndroidManifest.xml:12:22-78
uses-permission#android.permission.ACCESS_NETWORK_STATE
ADDED from src/main/AndroidManifest.xml:15:5-16:23
	android:name
		ADDED from src/main/AndroidManifest.xml:15:22-76
uses-permission#android.permission.WRITE_EXTERNAL_STORAGE
ADDED from src/main/AndroidManifest.xml:18:5-19:23
	android:name
		ADDED from src/main/AndroidManifest.xml:18:22-78
uses-permission#android.permission.ACCESS_SUPERUSER
ADDED from src/main/AndroidManifest.xml:21:5-22:23
	android:name
		ADDED from src/main/AndroidManifest.xml:21:22-72
uses-permission#android.permission.INTERNET
ADDED from src/main/AndroidManifest.xml:24:5-25:23
	android:name
		ADDED from src/main/AndroidManifest.xml:24:22-64
uses-permission#android.permission.ACCESS_WIFI_STATE
ADDED from src/main/AndroidManifest.xml:26:5-27:23
	android:name
		ADDED from src/main/AndroidManifest.xml:26:22-73
supports-screens
ADDED from src/main/AndroidManifest.xml:29:5-33:43
	android:largeScreens
		ADDED from src/main/AndroidManifest.xml:31:13-40
	android:smallScreens
		ADDED from src/main/AndroidManifest.xml:33:13-40
	android:normalScreens
		ADDED from src/main/AndroidManifest.xml:32:13-41
	android:anyDensity
		ADDED from src/main/AndroidManifest.xml:30:13-38
application
ADDED from src/main/AndroidManifest.xml:35:5-112:19
MERGED from [com.android.support:support-v4:20.0.0] AndroidManifest.xml:17:5-19
	android:label
		ADDED from src/main/AndroidManifest.xml:37:18-50
	android:icon
		ADDED from src/main/AndroidManifest.xml:38:18-48
	android:theme
		ADDED from src/main/AndroidManifest.xml:39:18-67
	android:name
		ADDED from src/main/AndroidManifest.xml:36:18-49
activity#com.yw.FlowAuto.MainActivity
ADDED from src/main/AndroidManifest.xml:40:9-47:20
	android:screenOrientation
		ADDED from src/main/AndroidManifest.xml:41:19-55
	android:label
		ADDED from src/main/AndroidManifest.xml:43:19-51
	android:launchMode
		ADDED from src/main/AndroidManifest.xml:42:19-50
	android:name
		ADDED from src/main/AndroidManifest.xml:40:19-47
activity#com.yw.FlowAuto.FlowDetailActivity
ADDED from src/main/AndroidManifest.xml:48:9-49:65
	android:screenOrientation
		ADDED from src/main/AndroidManifest.xml:49:17-53
	android:name
		ADDED from src/main/AndroidManifest.xml:48:19-53
activity#com.yw.FlowAuto.SettingsActivity
ADDED from src/main/AndroidManifest.xml:50:9-51:65
	android:screenOrientation
		ADDED from src/main/AndroidManifest.xml:51:17-53
	android:name
		ADDED from src/main/AndroidManifest.xml:50:19-51
activity#com.yw.FlowAuto.LinkFLowActivity
ADDED from src/main/AndroidManifest.xml:52:9-53:65
	android:screenOrientation
		ADDED from src/main/AndroidManifest.xml:53:17-53
	android:name
		ADDED from src/main/AndroidManifest.xml:52:19-51
activity#com.yw.FlowAuto.WelcomeActivity
ADDED from src/main/AndroidManifest.xml:54:9-62:20
	android:screenOrientation
		ADDED from src/main/AndroidManifest.xml:57:17-53
	android:theme
		ADDED from src/main/AndroidManifest.xml:56:17-75
	android:name
		ADDED from src/main/AndroidManifest.xml:55:17-48
intent-filter#android.intent.action.MAIN+android.intent.category.LAUNCHER
ADDED from src/main/AndroidManifest.xml:58:13-61:29
action#android.intent.action.MAIN
ADDED from src/main/AndroidManifest.xml:59:17-69
	android:name
		ADDED from src/main/AndroidManifest.xml:59:25-66
category#android.intent.category.LAUNCHER
ADDED from src/main/AndroidManifest.xml:60:17-77
	android:name
		ADDED from src/main/AndroidManifest.xml:60:27-74
service#com.jtschohl.androidfirewall.InterfaceIntent
ADDED from src/main/AndroidManifest.xml:64:9-65:19
	android:name
		ADDED from src/main/AndroidManifest.xml:64:18-77
service#com.jtschohl.androidfirewall.RootShell
ADDED from src/main/AndroidManifest.xml:66:9-67:19
	android:name
		ADDED from src/main/AndroidManifest.xml:66:18-71
service#com.jtschohl.androidfirewall.NflogService
ADDED from src/main/AndroidManifest.xml:68:9-69:19
	android:name
		ADDED from src/main/AndroidManifest.xml:68:18-74
receiver#com.jtschohl.androidfirewall.BootBroadcast
ADDED from src/main/AndroidManifest.xml:71:9-81:20
	android:permission
		ADDED from src/main/AndroidManifest.xml:73:17-79
	android:name
		ADDED from src/main/AndroidManifest.xml:72:17-74
intent-filter#android.intent.action.BOOT_COMPLETED+android.intent.action.MEDIA_SCANNER_FINISHED
ADDED from src/main/AndroidManifest.xml:74:13-80:29
action#android.intent.action.BOOT_COMPLETED
ADDED from src/main/AndroidManifest.xml:75:17-79
	android:name
		ADDED from src/main/AndroidManifest.xml:75:25-76
data
ADDED from src/main/AndroidManifest.xml:77:17-47
	android:scheme
		ADDED from src/main/AndroidManifest.xml:77:23-44
action#android.intent.action.MEDIA_SCANNER_FINISHED
ADDED from src/main/AndroidManifest.xml:79:17-87
	android:name
		ADDED from src/main/AndroidManifest.xml:79:25-84
receiver#com.jtschohl.androidfirewall.CheckForIfaceChange
ADDED from src/main/AndroidManifest.xml:82:9-86:20
	android:name
		ADDED from src/main/AndroidManifest.xml:82:19-82
intent-filter#android.net.conn.CONNECTIVITY_CHANGE
ADDED from src/main/AndroidManifest.xml:83:13-85:29
action#android.net.conn.CONNECTIVITY_CHANGE
ADDED from src/main/AndroidManifest.xml:84:17-79
	android:name
		ADDED from src/main/AndroidManifest.xml:84:25-76
receiver#com.jtschohl.androidfirewall.PackageBroadcast
ADDED from src/main/AndroidManifest.xml:87:9-94:20
	android:name
		ADDED from src/main/AndroidManifest.xml:87:19-79
intent-filter#android.intent.action.PACKAGE_ADDED+android.intent.action.PACKAGE_REMOVED
ADDED from src/main/AndroidManifest.xml:88:13-93:29
action#android.intent.action.PACKAGE_ADDED
ADDED from src/main/AndroidManifest.xml:89:17-78
	android:name
		ADDED from src/main/AndroidManifest.xml:89:25-75
action#android.intent.action.PACKAGE_REMOVED
ADDED from src/main/AndroidManifest.xml:90:17-80
	android:name
		ADDED from src/main/AndroidManifest.xml:90:25-77
service#com.yw.FlowAuto.service.TrafficService
ADDED from src/main/AndroidManifest.xml:96:9-100:19
	android:name
		ADDED from src/main/AndroidManifest.xml:96:18-71
intent-filter#com.yw.FlowAuto.service.TrafficService
ADDED from src/main/AndroidManifest.xml:97:13-99:29
action#com.yw.FlowAuto.service.TrafficService
ADDED from src/main/AndroidManifest.xml:98:17-81
	android:name
		ADDED from src/main/AndroidManifest.xml:98:25-78
service#com.umeng.update.net.DownloadingService
ADDED from src/main/AndroidManifest.xml:102:9-105:19
	android:process
		ADDED from src/main/AndroidManifest.xml:104:17-54
	android:name
		ADDED from src/main/AndroidManifest.xml:103:17-71
activity#com.umeng.update.UpdateDialogActivity
ADDED from src/main/AndroidManifest.xml:106:9-109:20
	android:theme
		ADDED from src/main/AndroidManifest.xml:108:17-76
	android:name
		ADDED from src/main/AndroidManifest.xml:107:17-69
meta-data#UMENG_APPKEY
ADDED from src/main/AndroidManifest.xml:110:9-90
	android:value
		ADDED from src/main/AndroidManifest.xml:110:20-60
	android:name
		ADDED from src/main/AndroidManifest.xml:110:61-88
meta-data#UMENG_CHANNEL
ADDED from src/main/AndroidManifest.xml:111:9-72
	android:value
		ADDED from src/main/AndroidManifest.xml:111:20-41
	android:name
		ADDED from src/main/AndroidManifest.xml:111:42-70